[0m[32mTask[0m [0m[36mstart[0m deno run -A --unstable-kv --watch=static/,routes/ dev.ts
[0m[38;5;12mWatcher[0m Process started.
The manifest has been generated for 16 routes and 18 islands.
[0m[1m[31merror[0m: Uncaught (in promise) AddrInUse: Address already in use (os error 48)
    await Deno.serve(opts, handler).finished;
[0m[31m               ^[0m
    [0m[2m[38;5;245mat [0m[0m[2m[38;5;245mlisten[0m[0m[2m[38;5;245m ([0m[0m[2m[38;5;245mext:deno_net/01_net.js[0m[0m[2m[38;5;245m:[0m[0m[2m[38;5;245m605[0m[0m[2m[38;5;245m:[0m[0m[2m[38;5;245m35[0m[0m[2m[38;5;245m)[0m
    [0m[2m[38;5;245mat [0m[0m[2m[38;5;245mserveInner[0m[0m[2m[38;5;245m ([0m[0m[2m[38;5;245mext:deno_http/00_serve.ts[0m[0m[2m[38;5;245m:[0m[0m[2m[38;5;245m681[0m[0m[2m[38;5;245m:[0m[0m[2m[38;5;245m16[0m[0m[2m[38;5;245m)[0m
    [0m[2m[38;5;245mat [0m[0m[2m[38;5;245mObject.serve[0m[0m[2m[38;5;245m ([0m[0m[2m[38;5;245mext:deno_http/00_serve.ts[0m[0m[2m[38;5;245m:[0m[0m[2m[38;5;245m597[0m[0m[2m[38;5;245m:[0m[0m[2m[38;5;245m10[0m[0m[2m[38;5;245m)[0m
    at [0m[1m[3mbootServer[0m ([0m[36mhttps://deno.land/x/fresh@1.4.2/src/server/mod.ts[0m:[0m[33m172[0m:[0m[33m16[0m)
    at [0m[1m[3mstart[0m ([0m[36mhttps://deno.land/x/fresh@1.4.2/src/server/mod.ts[0m:[0m[33m136[0m:[0m[33m11[0m)
    at async [0m[2m[38;5;245mfile:///Users/drutjes/Documents/development/pip-paper/[0m[0m[36mmain.ts[0m:[0m[33m15[0m:[0m[33m1[0m
[0m[38;5;12mWatcher[0m Process failed. Restarting on file change...
[0m[38;5;12mWatcher[0m [0m[38;5;245mRestarting! File change detected: "/Users/drutjes/Documents/development/pip-paper/islands/GeneralAICoach.tsx"[0m
[0m[1m[31merror[0m: Uncaught (in promise) AddrInUse: Address already in use (os error 48)
    await Deno.serve(opts, handler).finished;
[0m[31m               ^[0m
    [0m[2m[38;5;245mat [0m[0m[2m[38;5;245mlisten[0m[0m[2m[38;5;245m ([0m[0m[2m[38;5;245mext:deno_net/01_net.js[0m[0m[2m[38;5;245m:[0m[0m[2m[38;5;245m605[0m[0m[2m[38;5;245m:[0m[0m[2m[38;5;245m35[0m[0m[2m[38;5;245m)[0m
    [0m[2m[38;5;245mat [0m[0m[2m[38;5;245mserveInner[0m[0m[2m[38;5;245m ([0m[0m[2m[38;5;245mext:deno_http/00_serve.ts[0m[0m[2m[38;5;245m:[0m[0m[2m[38;5;245m681[0m[0m[2m[38;5;245m:[0m[0m[2m[38;5;245m16[0m[0m[2m[38;5;245m)[0m
    [0m[2m[38;5;245mat [0m[0m[2m[38;5;245mObject.serve[0m[0m[2m[38;5;245m ([0m[0m[2m[38;5;245mext:deno_http/00_serve.ts[0m[0m[2m[38;5;245m:[0m[0m[2m[38;5;245m597[0m[0m[2m[38;5;245m:[0m[0m[2m[38;5;245m10[0m[0m[2m[38;5;245m)[0m
    at [0m[1m[3mbootServer[0m ([0m[36mhttps://deno.land/x/fresh@1.4.2/src/server/mod.ts[0m:[0m[33m172[0m:[0m[33m16[0m)
    at [0m[1m[3mstart[0m ([0m[36mhttps://deno.land/x/fresh@1.4.2/src/server/mod.ts[0m:[0m[33m136[0m:[0m[33m11[0m)
    at async [0m[2m[38;5;245mfile:///Users/drutjes/Documents/development/pip-paper/[0m[0m[36mmain.ts[0m:[0m[33m15[0m:[0m[33m1[0m
[0m[38;5;12mWatcher[0m Process failed. Restarting on file change...
[0m[38;5;12mWatcher[0m [0m[38;5;245mRestarting! File change detected: "/Users/drutjes/Documents/development/pip-paper/routes/index.tsx"[0m

[48;5;121m[30m[1m 🍋 Fresh ready [22m[39m[49m
    [1mLocal:[22m [36mhttp://localhost:8000/[39m

[0m[38;5;12mWatcher[0m [0m[38;5;245mRestarting! File change detected: "/Users/drutjes/Documents/development/pip-paper/routes/index.tsx"[0m

[48;5;121m[30m[1m 🍋 Fresh ready [22m[39m[49m
    [1mLocal:[22m [36mhttp://localhost:8000/[39m

[0m[38;5;12mWatcher[0m [0m[38;5;245mRestarting! File change detected: "/Users/drutjes/Documents/development/pip-paper/routes/index.tsx"[0m
[0m[1m[31merror[0m: Uncaught (in promise) AddrInUse: Address already in use (os error 48)
    await Deno.serve(opts, handler).finished;
[0m[31m               ^[0m
    [0m[2m[38;5;245mat [0m[0m[2m[38;5;245mlisten[0m[0m[2m[38;5;245m ([0m[0m[2m[38;5;245mext:deno_net/01_net.js[0m[0m[2m[38;5;245m:[0m[0m[2m[38;5;245m605[0m[0m[2m[38;5;245m:[0m[0m[2m[38;5;245m35[0m[0m[2m[38;5;245m)[0m
    [0m[2m[38;5;245mat [0m[0m[2m[38;5;245mserveInner[0m[0m[2m[38;5;245m ([0m[0m[2m[38;5;245mext:deno_http/00_serve.ts[0m[0m[2m[38;5;245m:[0m[0m[2m[38;5;245m681[0m[0m[2m[38;5;245m:[0m[0m[2m[38;5;245m16[0m[0m[2m[38;5;245m)[0m
    [0m[2m[38;5;245mat [0m[0m[2m[38;5;245mObject.serve[0m[0m[2m[38;5;245m ([0m[0m[2m[38;5;245mext:deno_http/00_serve.ts[0m[0m[2m[38;5;245m:[0m[0m[2m[38;5;245m597[0m[0m[2m[38;5;245m:[0m[0m[2m[38;5;245m10[0m[0m[2m[38;5;245m)[0m
    at [0m[1m[3mbootServer[0m ([0m[36mhttps://deno.land/x/fresh@1.4.2/src/server/mod.ts[0m:[0m[33m172[0m:[0m[33m16[0m)
    at [0m[1m[3mstart[0m ([0m[36mhttps://deno.land/x/fresh@1.4.2/src/server/mod.ts[0m:[0m[33m136[0m:[0m[33m11[0m)
    at async [0m[2m[38;5;245mfile:///Users/drutjes/Documents/development/pip-paper/[0m[0m[36mmain.ts[0m:[0m[33m15[0m:[0m[33m1[0m
[0m[38;5;12mWatcher[0m Process failed. Restarting on file change...
[0m[38;5;12mWatcher[0m [0m[38;5;245mRestarting! File change detected: "/Users/drutjes/Documents/development/pip-paper/routes/index.tsx"[0m
[0m[1m[31merror[0m: Uncaught (in promise) AddrInUse: Address already in use (os error 48)
    await Deno.serve(opts, handler).finished;
[0m[31m               ^[0m
    [0m[2m[38;5;245mat [0m[0m[2m[38;5;245mlisten[0m[0m[2m[38;5;245m ([0m[0m[2m[38;5;245mext:deno_net/01_net.js[0m[0m[2m[38;5;245m:[0m[0m[2m[38;5;245m605[0m[0m[2m[38;5;245m:[0m[0m[2m[38;5;245m35[0m[0m[2m[38;5;245m)[0m
    [0m[2m[38;5;245mat [0m[0m[2m[38;5;245mserveInner[0m[0m[2m[38;5;245m ([0m[0m[2m[38;5;245mext:deno_http/00_serve.ts[0m[0m[2m[38;5;245m:[0m[0m[2m[38;5;245m681[0m[0m[2m[38;5;245m:[0m[0m[2m[38;5;245m16[0m[0m[2m[38;5;245m)[0m
    [0m[2m[38;5;245mat [0m[0m[2m[38;5;245mObject.serve[0m[0m[2m[38;5;245m ([0m[0m[2m[38;5;245mext:deno_http/00_serve.ts[0m[0m[2m[38;5;245m:[0m[0m[2m[38;5;245m597[0m[0m[2m[38;5;245m:[0m[0m[2m[38;5;245m10[0m[0m[2m[38;5;245m)[0m
    at [0m[1m[3mbootServer[0m ([0m[36mhttps://deno.land/x/fresh@1.4.2/src/server/mod.ts[0m:[0m[33m172[0m:[0m[33m16[0m)
    at [0m[1m[3mstart[0m ([0m[36mhttps://deno.land/x/fresh@1.4.2/src/server/mod.ts[0m:[0m[33m136[0m:[0m[33m11[0m)
    at async [0m[2m[38;5;245mfile:///Users/drutjes/Documents/development/pip-paper/[0m[0m[36mmain.ts[0m:[0m[33m15[0m:[0m[33m1[0m
[0m[38;5;12mWatcher[0m Process failed. Restarting on file change...
[0m[38;5;12mWatcher[0m [0m[38;5;245mRestarting! File change detected: "/Users/drutjes/Documents/development/pip-paper/routes/index.tsx"[0m
[0m[1m[31merror[0m: Uncaught (in promise) TypeError: The module's source code could not be parsed: Expected '>', got 'div' at file:///Users/drutjes/Documents/development/pip-paper/routes/index.tsx:361:11

          </div>
            ~~~
    await import(entrypoint);
[0m[31m    ^[0m
    at async [0m[1m[3mdev[0m ([0m[36mhttps://deno.land/x/fresh@1.4.2/src/dev/dev_command.ts[0m:[0m[33m40[0m:[0m[33m5[0m)
    at async [0m[2m[38;5;245mfile:///Users/drutjes/Documents/development/pip-paper/[0m[0m[36mdev.ts[0m:[0m[33m5[0m:[0m[33m1[0m
[0m[38;5;12mWatcher[0m Process failed. Restarting on file change...
[0m[38;5;12mWatcher[0m [0m[38;5;245mRestarting! File change detected: "/Users/drutjes/Documents/development/pip-paper/routes/index.tsx"[0m

[48;5;121m[30m[1m 🍋 Fresh ready [22m[39m[49m
    [1mLocal:[22m [36mhttp://localhost:8000/[39m

[0m[38;5;12mWatcher[0m [0m[38;5;245mRestarting! File change detected: "/Users/drutjes/Documents/development/pip-paper/routes/index.tsx"[0m
[0m[1m[31merror[0m: Uncaught (in promise) AddrInUse: Address already in use (os error 48)
    await Deno.serve(opts, handler).finished;
[0m[31m               ^[0m
    [0m[2m[38;5;245mat [0m[0m[2m[38;5;245mlisten[0m[0m[2m[38;5;245m ([0m[0m[2m[38;5;245mext:deno_net/01_net.js[0m[0m[2m[38;5;245m:[0m[0m[2m[38;5;245m605[0m[0m[2m[38;5;245m:[0m[0m[2m[38;5;245m35[0m[0m[2m[38;5;245m)[0m
    [0m[2m[38;5;245mat [0m[0m[2m[38;5;245mserveInner[0m[0m[2m[38;5;245m ([0m[0m[2m[38;5;245mext:deno_http/00_serve.ts[0m[0m[2m[38;5;245m:[0m[0m[2m[38;5;245m681[0m[0m[2m[38;5;245m:[0m[0m[2m[38;5;245m16[0m[0m[2m[38;5;245m)[0m
    [0m[2m[38;5;245mat [0m[0m[2m[38;5;245mObject.serve[0m[0m[2m[38;5;245m ([0m[0m[2m[38;5;245mext:deno_http/00_serve.ts[0m[0m[2m[38;5;245m:[0m[0m[2m[38;5;245m597[0m[0m[2m[38;5;245m:[0m[0m[2m[38;5;245m10[0m[0m[2m[38;5;245m)[0m
    at [0m[1m[3mbootServer[0m ([0m[36mhttps://deno.land/x/fresh@1.4.2/src/server/mod.ts[0m:[0m[33m172[0m:[0m[33m16[0m)
    at [0m[1m[3mstart[0m ([0m[36mhttps://deno.land/x/fresh@1.4.2/src/server/mod.ts[0m:[0m[33m136[0m:[0m[33m11[0m)
    at async [0m[2m[38;5;245mfile:///Users/drutjes/Documents/development/pip-paper/[0m[0m[36mmain.ts[0m:[0m[33m15[0m:[0m[33m1[0m
[0m[38;5;12mWatcher[0m Process failed. Restarting on file change...
[0m[38;5;12mWatcher[0m [0m[38;5;245mRestarting! File change detected: "/Users/drutjes/Documents/development/pip-paper/routes/index.tsx"[0m
[0m[1m[31merror[0m: Uncaught (in promise) AddrInUse: Address already in use (os error 48)
    await Deno.serve(opts, handler).finished;
[0m[31m               ^[0m
    [0m[2m[38;5;245mat [0m[0m[2m[38;5;245mlisten[0m[0m[2m[38;5;245m ([0m[0m[2m[38;5;245mext:deno_net/01_net.js[0m[0m[2m[38;5;245m:[0m[0m[2m[38;5;245m605[0m[0m[2m[38;5;245m:[0m[0m[2m[38;5;245m35[0m[0m[2m[38;5;245m)[0m
    [0m[2m[38;5;245mat [0m[0m[2m[38;5;245mserveInner[0m[0m[2m[38;5;245m ([0m[0m[2m[38;5;245mext:deno_http/00_serve.ts[0m[0m[2m[38;5;245m:[0m[0m[2m[38;5;245m681[0m[0m[2m[38;5;245m:[0m[0m[2m[38;5;245m16[0m[0m[2m[38;5;245m)[0m
    [0m[2m[38;5;245mat [0m[0m[2m[38;5;245mObject.serve[0m[0m[2m[38;5;245m ([0m[0m[2m[38;5;245mext:deno_http/00_serve.ts[0m[0m[2m[38;5;245m:[0m[0m[2m[38;5;245m597[0m[0m[2m[38;5;245m:[0m[0m[2m[38;5;245m10[0m[0m[2m[38;5;245m)[0m
    at [0m[1m[3mbootServer[0m ([0m[36mhttps://deno.land/x/fresh@1.4.2/src/server/mod.ts[0m:[0m[33m172[0m:[0m[33m16[0m)
    at [0m[1m[3mstart[0m ([0m[36mhttps://deno.land/x/fresh@1.4.2/src/server/mod.ts[0m:[0m[33m136[0m:[0m[33m11[0m)
    at async [0m[2m[38;5;245mfile:///Users/drutjes/Documents/development/pip-paper/[0m[0m[36mmain.ts[0m:[0m[33m15[0m:[0m[33m1[0m
[0m[38;5;12mWatcher[0m Process failed. Restarting on file change...
[0m[38;5;12mWatcher[0m [0m[38;5;245mRestarting! File change detected: "/Users/drutjes/Documents/development/pip-paper/routes/index.tsx"[0m
[0m[1m[31merror[0m: Uncaught (in promise) AddrInUse: Address already in use (os error 48)
    await Deno.serve(opts, handler).finished;
[0m[31m               ^[0m
    [0m[2m[38;5;245mat [0m[0m[2m[38;5;245mlisten[0m[0m[2m[38;5;245m ([0m[0m[2m[38;5;245mext:deno_net/01_net.js[0m[0m[2m[38;5;245m:[0m[0m[2m[38;5;245m605[0m[0m[2m[38;5;245m:[0m[0m[2m[38;5;245m35[0m[0m[2m[38;5;245m)[0m
    [0m[2m[38;5;245mat [0m[0m[2m[38;5;245mserveInner[0m[0m[2m[38;5;245m ([0m[0m[2m[38;5;245mext:deno_http/00_serve.ts[0m[0m[2m[38;5;245m:[0m[0m[2m[38;5;245m681[0m[0m[2m[38;5;245m:[0m[0m[2m[38;5;245m16[0m[0m[2m[38;5;245m)[0m
    [0m[2m[38;5;245mat [0m[0m[2m[38;5;245mObject.serve[0m[0m[2m[38;5;245m ([0m[0m[2m[38;5;245mext:deno_http/00_serve.ts[0m[0m[2m[38;5;245m:[0m[0m[2m[38;5;245m597[0m[0m[2m[38;5;245m:[0m[0m[2m[38;5;245m10[0m[0m[2m[38;5;245m)[0m
    at [0m[1m[3mbootServer[0m ([0m[36mhttps://deno.land/x/fresh@1.4.2/src/server/mod.ts[0m:[0m[33m172[0m:[0m[33m16[0m)
    at [0m[1m[3mstart[0m ([0m[36mhttps://deno.land/x/fresh@1.4.2/src/server/mod.ts[0m:[0m[33m136[0m:[0m[33m11[0m)
    at async [0m[2m[38;5;245mfile:///Users/drutjes/Documents/development/pip-paper/[0m[0m[36mmain.ts[0m:[0m[33m15[0m:[0m[33m1[0m
[0m[38;5;12mWatcher[0m Process failed. Restarting on file change...
[0m[38;5;12mWatcher[0m [0m[38;5;245mRestarting! File change detected: "/Users/drutjes/Documents/development/pip-paper/routes/index.tsx"[0m

[48;5;121m[30m[1m 🍋 Fresh ready [22m[39m[49m
    [1mLocal:[22m [36mhttp://localhost:8000/[39m

[0m[38;5;12mWatcher[0m [0m[38;5;245mRestarting! File change detected: "/Users/drutjes/Documents/development/pip-paper/routes/index.tsx"[0m
[0m[1m[31merror[0m: Uncaught (in promise) TypeError: The module's source code could not be parsed: Expected '>', got 'div' at file:///Users/drutjes/Documents/development/pip-paper/routes/index.tsx:315:9

        </div>
          ~~~
    await import(entrypoint);
[0m[31m    ^[0m
    at async [0m[1m[3mdev[0m ([0m[36mhttps://deno.land/x/fresh@1.4.2/src/dev/dev_command.ts[0m:[0m[33m40[0m:[0m[33m5[0m)
    at async [0m[2m[38;5;245mfile:///Users/drutjes/Documents/development/pip-paper/[0m[0m[36mdev.ts[0m:[0m[33m5[0m:[0m[33m1[0m
[0m[38;5;12mWatcher[0m Process failed. Restarting on file change...
[0m[38;5;12mWatcher[0m [0m[38;5;245mRestarting! File change detected: "/Users/drutjes/Documents/development/pip-paper/routes/index.tsx"[0m
[0m[1m[31merror[0m: Uncaught (in promise) AddrInUse: Address already in use (os error 48)
    await Deno.serve(opts, handler).finished;
[0m[31m               ^[0m
    [0m[2m[38;5;245mat [0m[0m[2m[38;5;245mlisten[0m[0m[2m[38;5;245m ([0m[0m[2m[38;5;245mext:deno_net/01_net.js[0m[0m[2m[38;5;245m:[0m[0m[2m[38;5;245m605[0m[0m[2m[38;5;245m:[0m[0m[2m[38;5;245m35[0m[0m[2m[38;5;245m)[0m
    [0m[2m[38;5;245mat [0m[0m[2m[38;5;245mserveInner[0m[0m[2m[38;5;245m ([0m[0m[2m[38;5;245mext:deno_http/00_serve.ts[0m[0m[2m[38;5;245m:[0m[0m[2m[38;5;245m681[0m[0m[2m[38;5;245m:[0m[0m[2m[38;5;245m16[0m[0m[2m[38;5;245m)[0m
    [0m[2m[38;5;245mat [0m[0m[2m[38;5;245mObject.serve[0m[0m[2m[38;5;245m ([0m[0m[2m[38;5;245mext:deno_http/00_serve.ts[0m[0m[2m[38;5;245m:[0m[0m[2m[38;5;245m597[0m[0m[2m[38;5;245m:[0m[0m[2m[38;5;245m10[0m[0m[2m[38;5;245m)[0m
    at [0m[1m[3mbootServer[0m ([0m[36mhttps://deno.land/x/fresh@1.4.2/src/server/mod.ts[0m:[0m[33m172[0m:[0m[33m16[0m)
    at [0m[1m[3mstart[0m ([0m[36mhttps://deno.land/x/fresh@1.4.2/src/server/mod.ts[0m:[0m[33m136[0m:[0m[33m11[0m)
    at async [0m[2m[38;5;245mfile:///Users/drutjes/Documents/development/pip-paper/[0m[0m[36mmain.ts[0m:[0m[33m15[0m:[0m[33m1[0m
[0m[38;5;12mWatcher[0m Process failed. Restarting on file change...
[0m[38;5;12mWatcher[0m [0m[38;5;245mRestarting! File change detected: "/Users/drutjes/Documents/development/pip-paper/routes/index.tsx"[0m
[0m[1m[31merror[0m: Uncaught (in promise) AddrInUse: Address already in use (os error 48)
    await Deno.serve(opts, handler).finished;
[0m[31m               ^[0m
    [0m[2m[38;5;245mat [0m[0m[2m[38;5;245mlisten[0m[0m[2m[38;5;245m ([0m[0m[2m[38;5;245mext:deno_net/01_net.js[0m[0m[2m[38;5;245m:[0m[0m[2m[38;5;245m605[0m[0m[2m[38;5;245m:[0m[0m[2m[38;5;245m35[0m[0m[2m[38;5;245m)[0m
    [0m[2m[38;5;245mat [0m[0m[2m[38;5;245mserveInner[0m[0m[2m[38;5;245m ([0m[0m[2m[38;5;245mext:deno_http/00_serve.ts[0m[0m[2m[38;5;245m:[0m[0m[2m[38;5;245m681[0m[0m[2m[38;5;245m:[0m[0m[2m[38;5;245m16[0m[0m[2m[38;5;245m)[0m
    [0m[2m[38;5;245mat [0m[0m[2m[38;5;245mObject.serve[0m[0m[2m[38;5;245m ([0m[0m[2m[38;5;245mext:deno_http/00_serve.ts[0m[0m[2m[38;5;245m:[0m[0m[2m[38;5;245m597[0m[0m[2m[38;5;245m:[0m[0m[2m[38;5;245m10[0m[0m[2m[38;5;245m)[0m
    at [0m[1m[3mbootServer[0m ([0m[36mhttps://deno.land/x/fresh@1.4.2/src/server/mod.ts[0m:[0m[33m172[0m:[0m[33m16[0m)
    at [0m[1m[3mstart[0m ([0m[36mhttps://deno.land/x/fresh@1.4.2/src/server/mod.ts[0m:[0m[33m136[0m:[0m[33m11[0m)
    at async [0m[2m[38;5;245mfile:///Users/drutjes/Documents/development/pip-paper/[0m[0m[36mmain.ts[0m:[0m[33m15[0m:[0m[33m1[0m
[0m[38;5;12mWatcher[0m Process failed. Restarting on file change...
[0m[38;5;12mWatcher[0m [0m[38;5;245mRestarting! File change detected: "/Users/drutjes/Documents/development/pip-paper/routes/index.tsx"[0m
[0m[1m[31merror[0m: Uncaught (in promise) AddrInUse: Address already in use (os error 48)
    await Deno.serve(opts, handler).finished;
[0m[31m               ^[0m
    [0m[2m[38;5;245mat [0m[0m[2m[38;5;245mlisten[0m[0m[2m[38;5;245m ([0m[0m[2m[38;5;245mext:deno_net/01_net.js[0m[0m[2m[38;5;245m:[0m[0m[2m[38;5;245m605[0m[0m[2m[38;5;245m:[0m[0m[2m[38;5;245m35[0m[0m[2m[38;5;245m)[0m
    [0m[2m[38;5;245mat [0m[0m[2m[38;5;245mserveInner[0m[0m[2m[38;5;245m ([0m[0m[2m[38;5;245mext:deno_http/00_serve.ts[0m[0m[2m[38;5;245m:[0m[0m[2m[38;5;245m681[0m[0m[2m[38;5;245m:[0m[0m[2m[38;5;245m16[0m[0m[2m[38;5;245m)[0m
    [0m[2m[38;5;245mat [0m[0m[2m[38;5;245mObject.serve[0m[0m[2m[38;5;245m ([0m[0m[2m[38;5;245mext:deno_http/00_serve.ts[0m[0m[2m[38;5;245m:[0m[0m[2m[38;5;245m597[0m[0m[2m[38;5;245m:[0m[0m[2m[38;5;245m10[0m[0m[2m[38;5;245m)[0m
    at [0m[1m[3mbootServer[0m ([0m[36mhttps://deno.land/x/fresh@1.4.2/src/server/mod.ts[0m:[0m[33m172[0m:[0m[33m16[0m)
    at [0m[1m[3mstart[0m ([0m[36mhttps://deno.land/x/fresh@1.4.2/src/server/mod.ts[0m:[0m[33m136[0m:[0m[33m11[0m)
    at async [0m[2m[38;5;245mfile:///Users/drutjes/Documents/development/pip-paper/[0m[0m[36mmain.ts[0m:[0m[33m15[0m:[0m[33m1[0m
[0m[38;5;12mWatcher[0m Process failed. Restarting on file change...
[0m[38;5;12mWatcher[0m [0m[38;5;245mRestarting! File change detected: "/Users/drutjes/Documents/development/pip-paper/routes/index.tsx"[0m
[0m[1m[31merror[0m: Uncaught (in promise) AddrInUse: Address already in use (os error 48)
    await Deno.serve(opts, handler).finished;
[0m[31m               ^[0m
    [0m[2m[38;5;245mat [0m[0m[2m[38;5;245mlisten[0m[0m[2m[38;5;245m ([0m[0m[2m[38;5;245mext:deno_net/01_net.js[0m[0m[2m[38;5;245m:[0m[0m[2m[38;5;245m605[0m[0m[2m[38;5;245m:[0m[0m[2m[38;5;245m35[0m[0m[2m[38;5;245m)[0m
    [0m[2m[38;5;245mat [0m[0m[2m[38;5;245mserveInner[0m[0m[2m[38;5;245m ([0m[0m[2m[38;5;245mext:deno_http/00_serve.ts[0m[0m[2m[38;5;245m:[0m[0m[2m[38;5;245m681[0m[0m[2m[38;5;245m:[0m[0m[2m[38;5;245m16[0m[0m[2m[38;5;245m)[0m
    [0m[2m[38;5;245mat [0m[0m[2m[38;5;245mObject.serve[0m[0m[2m[38;5;245m ([0m[0m[2m[38;5;245mext:deno_http/00_serve.ts[0m[0m[2m[38;5;245m:[0m[0m[2m[38;5;245m597[0m[0m[2m[38;5;245m:[0m[0m[2m[38;5;245m10[0m[0m[2m[38;5;245m)[0m
    at [0m[1m[3mbootServer[0m ([0m[36mhttps://deno.land/x/fresh@1.4.2/src/server/mod.ts[0m:[0m[33m172[0m:[0m[33m16[0m)
    at [0m[1m[3mstart[0m ([0m[36mhttps://deno.land/x/fresh@1.4.2/src/server/mod.ts[0m:[0m[33m136[0m:[0m[33m11[0m)
    at async [0m[2m[38;5;245mfile:///Users/drutjes/Documents/development/pip-paper/[0m[0m[36mmain.ts[0m:[0m[33m15[0m:[0m[33m1[0m
[0m[38;5;12mWatcher[0m Process failed. Restarting on file change...
[0m[38;5;12mWatcher[0m [0m[38;5;245mRestarting! File change detected: "/Users/drutjes/Documents/development/pip-paper/routes/index.tsx"[0m
[0m[1m[31merror[0m: Uncaught (in promise) AddrInUse: Address already in use (os error 48)
    await Deno.serve(opts, handler).finished;
[0m[31m               ^[0m
    [0m[2m[38;5;245mat [0m[0m[2m[38;5;245mlisten[0m[0m[2m[38;5;245m ([0m[0m[2m[38;5;245mext:deno_net/01_net.js[0m[0m[2m[38;5;245m:[0m[0m[2m[38;5;245m605[0m[0m[2m[38;5;245m:[0m[0m[2m[38;5;245m35[0m[0m[2m[38;5;245m)[0m
    [0m[2m[38;5;245mat [0m[0m[2m[38;5;245mserveInner[0m[0m[2m[38;5;245m ([0m[0m[2m[38;5;245mext:deno_http/00_serve.ts[0m[0m[2m[38;5;245m:[0m[0m[2m[38;5;245m681[0m[0m[2m[38;5;245m:[0m[0m[2m[38;5;245m16[0m[0m[2m[38;5;245m)[0m
    [0m[2m[38;5;245mat [0m[0m[2m[38;5;245mObject.serve[0m[0m[2m[38;5;245m ([0m[0m[2m[38;5;245mext:deno_http/00_serve.ts[0m[0m[2m[38;5;245m:[0m[0m[2m[38;5;245m597[0m[0m[2m[38;5;245m:[0m[0m[2m[38;5;245m10[0m[0m[2m[38;5;245m)[0m
    at [0m[1m[3mbootServer[0m ([0m[36mhttps://deno.land/x/fresh@1.4.2/src/server/mod.ts[0m:[0m[33m172[0m:[0m[33m16[0m)
    at [0m[1m[3mstart[0m ([0m[36mhttps://deno.land/x/fresh@1.4.2/src/server/mod.ts[0m:[0m[33m136[0m:[0m[33m11[0m)
    at async [0m[2m[38;5;245mfile:///Users/drutjes/Documents/development/pip-paper/[0m[0m[36mmain.ts[0m:[0m[33m15[0m:[0m[33m1[0m
[0m[38;5;12mWatcher[0m Process failed. Restarting on file change...
[0m[38;5;12mWatcher[0m [0m[38;5;245mRestarting! File change detected: "/Users/drutjes/Documents/development/pip-paper/components/WinRatio.tsx"[0m
[0m[1m[31merror[0m: Uncaught (in promise) AddrInUse: Address already in use (os error 48)
    await Deno.serve(opts, handler).finished;
[0m[31m               ^[0m
    [0m[2m[38;5;245mat [0m[0m[2m[38;5;245mlisten[0m[0m[2m[38;5;245m ([0m[0m[2m[38;5;245mext:deno_net/01_net.js[0m[0m[2m[38;5;245m:[0m[0m[2m[38;5;245m605[0m[0m[2m[38;5;245m:[0m[0m[2m[38;5;245m35[0m[0m[2m[38;5;245m)[0m
    [0m[2m[38;5;245mat [0m[0m[2m[38;5;245mserveInner[0m[0m[2m[38;5;245m ([0m[0m[2m[38;5;245mext:deno_http/00_serve.ts[0m[0m[2m[38;5;245m:[0m[0m[2m[38;5;245m681[0m[0m[2m[38;5;245m:[0m[0m[2m[38;5;245m16[0m[0m[2m[38;5;245m)[0m
    [0m[2m[38;5;245mat [0m[0m[2m[38;5;245mObject.serve[0m[0m[2m[38;5;245m ([0m[0m[2m[38;5;245mext:deno_http/00_serve.ts[0m[0m[2m[38;5;245m:[0m[0m[2m[38;5;245m597[0m[0m[2m[38;5;245m:[0m[0m[2m[38;5;245m10[0m[0m[2m[38;5;245m)[0m
    at [0m[1m[3mbootServer[0m ([0m[36mhttps://deno.land/x/fresh@1.4.2/src/server/mod.ts[0m:[0m[33m172[0m:[0m[33m16[0m)
    at [0m[1m[3mstart[0m ([0m[36mhttps://deno.land/x/fresh@1.4.2/src/server/mod.ts[0m:[0m[33m136[0m:[0m[33m11[0m)
    at async [0m[2m[38;5;245mfile:///Users/drutjes/Documents/development/pip-paper/[0m[0m[36mmain.ts[0m:[0m[33m15[0m:[0m[33m1[0m
[0m[38;5;12mWatcher[0m Process failed. Restarting on file change...
[0m[38;5;12mWatcher[0m [0m[38;5;245mRestarting! File change detected: "/Users/drutjes/Documents/development/pip-paper/components/WinRatio.tsx"[0m

[48;5;121m[30m[1m 🍋 Fresh ready [22m[39m[49m
    [1mLocal:[22m [36mhttp://localhost:8000/[39m

[0m[38;5;12mWatcher[0m [0m[38;5;245mRestarting! File change detected: "/Users/drutjes/Documents/development/pip-paper/routes/index.tsx"[0m
[0m[1m[31merror[0m: Uncaught (in promise) AddrInUse: Address already in use (os error 48)
    await Deno.serve(opts, handler).finished;
[0m[31m               ^[0m
    [0m[2m[38;5;245mat [0m[0m[2m[38;5;245mlisten[0m[0m[2m[38;5;245m ([0m[0m[2m[38;5;245mext:deno_net/01_net.js[0m[0m[2m[38;5;245m:[0m[0m[2m[38;5;245m605[0m[0m[2m[38;5;245m:[0m[0m[2m[38;5;245m35[0m[0m[2m[38;5;245m)[0m
    [0m[2m[38;5;245mat [0m[0m[2m[38;5;245mserveInner[0m[0m[2m[38;5;245m ([0m[0m[2m[38;5;245mext:deno_http/00_serve.ts[0m[0m[2m[38;5;245m:[0m[0m[2m[38;5;245m681[0m[0m[2m[38;5;245m:[0m[0m[2m[38;5;245m16[0m[0m[2m[38;5;245m)[0m
    [0m[2m[38;5;245mat [0m[0m[2m[38;5;245mObject.serve[0m[0m[2m[38;5;245m ([0m[0m[2m[38;5;245mext:deno_http/00_serve.ts[0m[0m[2m[38;5;245m:[0m[0m[2m[38;5;245m597[0m[0m[2m[38;5;245m:[0m[0m[2m[38;5;245m10[0m[0m[2m[38;5;245m)[0m
    at [0m[1m[3mbootServer[0m ([0m[36mhttps://deno.land/x/fresh@1.4.2/src/server/mod.ts[0m:[0m[33m172[0m:[0m[33m16[0m)
    at [0m[1m[3mstart[0m ([0m[36mhttps://deno.land/x/fresh@1.4.2/src/server/mod.ts[0m:[0m[33m136[0m:[0m[33m11[0m)
    at async [0m[2m[38;5;245mfile:///Users/drutjes/Documents/development/pip-paper/[0m[0m[36mmain.ts[0m:[0m[33m15[0m:[0m[33m1[0m
[0m[38;5;12mWatcher[0m Process failed. Restarting on file change...
[0m[38;5;12mWatcher[0m [0m[38;5;245mRestarting! File change detected: "/Users/drutjes/Documents/development/pip-paper/routes/index.tsx"[0m
[0m[1m[31merror[0m: Uncaught (in promise) AddrInUse: Address already in use (os error 48)
    await Deno.serve(opts, handler).finished;
[0m[31m               ^[0m
    [0m[2m[38;5;245mat [0m[0m[2m[38;5;245mlisten[0m[0m[2m[38;5;245m ([0m[0m[2m[38;5;245mext:deno_net/01_net.js[0m[0m[2m[38;5;245m:[0m[0m[2m[38;5;245m605[0m[0m[2m[38;5;245m:[0m[0m[2m[38;5;245m35[0m[0m[2m[38;5;245m)[0m
    [0m[2m[38;5;245mat [0m[0m[2m[38;5;245mserveInner[0m[0m[2m[38;5;245m ([0m[0m[2m[38;5;245mext:deno_http/00_serve.ts[0m[0m[2m[38;5;245m:[0m[0m[2m[38;5;245m681[0m[0m[2m[38;5;245m:[0m[0m[2m[38;5;245m16[0m[0m[2m[38;5;245m)[0m
    [0m[2m[38;5;245mat [0m[0m[2m[38;5;245mObject.serve[0m[0m[2m[38;5;245m ([0m[0m[2m[38;5;245mext:deno_http/00_serve.ts[0m[0m[2m[38;5;245m:[0m[0m[2m[38;5;245m597[0m[0m[2m[38;5;245m:[0m[0m[2m[38;5;245m10[0m[0m[2m[38;5;245m)[0m
    at [0m[1m[3mbootServer[0m ([0m[36mhttps://deno.land/x/fresh@1.4.2/src/server/mod.ts[0m:[0m[33m172[0m:[0m[33m16[0m)
    at [0m[1m[3mstart[0m ([0m[36mhttps://deno.land/x/fresh@1.4.2/src/server/mod.ts[0m:[0m[33m136[0m:[0m[33m11[0m)
    at async [0m[2m[38;5;245mfile:///Users/drutjes/Documents/development/pip-paper/[0m[0m[36mmain.ts[0m:[0m[33m15[0m:[0m[33m1[0m
[0m[38;5;12mWatcher[0m Process failed. Restarting on file change...
[0m[38;5;12mWatcher[0m [0m[38;5;245mRestarting! File change detected: "/Users/drutjes/Documents/development/pip-paper/routes/index.tsx"[0m
[0m[1m[31merror[0m: Uncaught (in promise) AddrInUse: Address already in use (os error 48)
    await Deno.serve(opts, handler).finished;
[0m[31m               ^[0m
    [0m[2m[38;5;245mat [0m[0m[2m[38;5;245mlisten[0m[0m[2m[38;5;245m ([0m[0m[2m[38;5;245mext:deno_net/01_net.js[0m[0m[2m[38;5;245m:[0m[0m[2m[38;5;245m605[0m[0m[2m[38;5;245m:[0m[0m[2m[38;5;245m35[0m[0m[2m[38;5;245m)[0m
    [0m[2m[38;5;245mat [0m[0m[2m[38;5;245mserveInner[0m[0m[2m[38;5;245m ([0m[0m[2m[38;5;245mext:deno_http/00_serve.ts[0m[0m[2m[38;5;245m:[0m[0m[2m[38;5;245m681[0m[0m[2m[38;5;245m:[0m[0m[2m[38;5;245m16[0m[0m[2m[38;5;245m)[0m
    [0m[2m[38;5;245mat [0m[0m[2m[38;5;245mObject.serve[0m[0m[2m[38;5;245m ([0m[0m[2m[38;5;245mext:deno_http/00_serve.ts[0m[0m[2m[38;5;245m:[0m[0m[2m[38;5;245m597[0m[0m[2m[38;5;245m:[0m[0m[2m[38;5;245m10[0m[0m[2m[38;5;245m)[0m
    at [0m[1m[3mbootServer[0m ([0m[36mhttps://deno.land/x/fresh@1.4.2/src/server/mod.ts[0m:[0m[33m172[0m:[0m[33m16[0m)
    at [0m[1m[3mstart[0m ([0m[36mhttps://deno.land/x/fresh@1.4.2/src/server/mod.ts[0m:[0m[33m136[0m:[0m[33m11[0m)
    at async [0m[2m[38;5;245mfile:///Users/drutjes/Documents/development/pip-paper/[0m[0m[36mmain.ts[0m:[0m[33m15[0m:[0m[33m1[0m
[0m[38;5;12mWatcher[0m Process failed. Restarting on file change...
[0m[38;5;12mWatcher[0m [0m[38;5;245mRestarting! File change detected: "/Users/drutjes/Documents/development/pip-paper/routes/index.tsx"[0m
[0m[1m[31merror[0m: Uncaught (in promise) AddrInUse: Address already in use (os error 48)
    await Deno.serve(opts, handler).finished;
[0m[31m               ^[0m
    [0m[2m[38;5;245mat [0m[0m[2m[38;5;245mlisten[0m[0m[2m[38;5;245m ([0m[0m[2m[38;5;245mext:deno_net/01_net.js[0m[0m[2m[38;5;245m:[0m[0m[2m[38;5;245m605[0m[0m[2m[38;5;245m:[0m[0m[2m[38;5;245m35[0m[0m[2m[38;5;245m)[0m
    [0m[2m[38;5;245mat [0m[0m[2m[38;5;245mserveInner[0m[0m[2m[38;5;245m ([0m[0m[2m[38;5;245mext:deno_http/00_serve.ts[0m[0m[2m[38;5;245m:[0m[0m[2m[38;5;245m681[0m[0m[2m[38;5;245m:[0m[0m[2m[38;5;245m16[0m[0m[2m[38;5;245m)[0m
    [0m[2m[38;5;245mat [0m[0m[2m[38;5;245mObject.serve[0m[0m[2m[38;5;245m ([0m[0m[2m[38;5;245mext:deno_http/00_serve.ts[0m[0m[2m[38;5;245m:[0m[0m[2m[38;5;245m597[0m[0m[2m[38;5;245m:[0m[0m[2m[38;5;245m10[0m[0m[2m[38;5;245m)[0m
    at [0m[1m[3mbootServer[0m ([0m[36mhttps://deno.land/x/fresh@1.4.2/src/server/mod.ts[0m:[0m[33m172[0m:[0m[33m16[0m)
    at [0m[1m[3mstart[0m ([0m[36mhttps://deno.land/x/fresh@1.4.2/src/server/mod.ts[0m:[0m[33m136[0m:[0m[33m11[0m)
    at async [0m[2m[38;5;245mfile:///Users/drutjes/Documents/development/pip-paper/[0m[0m[36mmain.ts[0m:[0m[33m15[0m:[0m[33m1[0m
[0m[38;5;12mWatcher[0m Process failed. Restarting on file change...
[0m[38;5;12mWatcher[0m [0m[38;5;245mRestarting! File change detected: "/Users/drutjes/Documents/development/pip-paper/routes/index.tsx"[0m
[0m[1m[31merror[0m: Uncaught (in promise) AddrInUse: Address already in use (os error 48)
    await Deno.serve(opts, handler).finished;
[0m[31m               ^[0m
    [0m[2m[38;5;245mat [0m[0m[2m[38;5;245mlisten[0m[0m[2m[38;5;245m ([0m[0m[2m[38;5;245mext:deno_net/01_net.js[0m[0m[2m[38;5;245m:[0m[0m[2m[38;5;245m605[0m[0m[2m[38;5;245m:[0m[0m[2m[38;5;245m35[0m[0m[2m[38;5;245m)[0m
    [0m[2m[38;5;245mat [0m[0m[2m[38;5;245mserveInner[0m[0m[2m[38;5;245m ([0m[0m[2m[38;5;245mext:deno_http/00_serve.ts[0m[0m[2m[38;5;245m:[0m[0m[2m[38;5;245m681[0m[0m[2m[38;5;245m:[0m[0m[2m[38;5;245m16[0m[0m[2m[38;5;245m)[0m
    [0m[2m[38;5;245mat [0m[0m[2m[38;5;245mObject.serve[0m[0m[2m[38;5;245m ([0m[0m[2m[38;5;245mext:deno_http/00_serve.ts[0m[0m[2m[38;5;245m:[0m[0m[2m[38;5;245m597[0m[0m[2m[38;5;245m:[0m[0m[2m[38;5;245m10[0m[0m[2m[38;5;245m)[0m
    at [0m[1m[3mbootServer[0m ([0m[36mhttps://deno.land/x/fresh@1.4.2/src/server/mod.ts[0m:[0m[33m172[0m:[0m[33m16[0m)
    at [0m[1m[3mstart[0m ([0m[36mhttps://deno.land/x/fresh@1.4.2/src/server/mod.ts[0m:[0m[33m136[0m:[0m[33m11[0m)
    at async [0m[2m[38;5;245mfile:///Users/drutjes/Documents/development/pip-paper/[0m[0m[36mmain.ts[0m:[0m[33m15[0m:[0m[33m1[0m
[0m[38;5;12mWatcher[0m Process failed. Restarting on file change...
[0m[38;5;12mWatcher[0m [0m[38;5;245mRestarting! File change detected: "/Users/drutjes/Documents/development/pip-paper/routes/index.tsx"[0m
[0m[1m[31merror[0m: Uncaught (in promise) AddrInUse: Address already in use (os error 48)
    await Deno.serve(opts, handler).finished;
[0m[31m               ^[0m
    [0m[2m[38;5;245mat [0m[0m[2m[38;5;245mlisten[0m[0m[2m[38;5;245m ([0m[0m[2m[38;5;245mext:deno_net/01_net.js[0m[0m[2m[38;5;245m:[0m[0m[2m[38;5;245m605[0m[0m[2m[38;5;245m:[0m[0m[2m[38;5;245m35[0m[0m[2m[38;5;245m)[0m
    [0m[2m[38;5;245mat [0m[0m[2m[38;5;245mserveInner[0m[0m[2m[38;5;245m ([0m[0m[2m[38;5;245mext:deno_http/00_serve.ts[0m[0m[2m[38;5;245m:[0m[0m[2m[38;5;245m681[0m[0m[2m[38;5;245m:[0m[0m[2m[38;5;245m16[0m[0m[2m[38;5;245m)[0m
    [0m[2m[38;5;245mat [0m[0m[2m[38;5;245mObject.serve[0m[0m[2m[38;5;245m ([0m[0m[2m[38;5;245mext:deno_http/00_serve.ts[0m[0m[2m[38;5;245m:[0m[0m[2m[38;5;245m597[0m[0m[2m[38;5;245m:[0m[0m[2m[38;5;245m10[0m[0m[2m[38;5;245m)[0m
    at [0m[1m[3mbootServer[0m ([0m[36mhttps://deno.land/x/fresh@1.4.2/src/server/mod.ts[0m:[0m[33m172[0m:[0m[33m16[0m)
    at [0m[1m[3mstart[0m ([0m[36mhttps://deno.land/x/fresh@1.4.2/src/server/mod.ts[0m:[0m[33m136[0m:[0m[33m11[0m)
    at async [0m[2m[38;5;245mfile:///Users/drutjes/Documents/development/pip-paper/[0m[0m[36mmain.ts[0m:[0m[33m15[0m:[0m[33m1[0m
[0m[38;5;12mWatcher[0m Process failed. Restarting on file change...
[0m[38;5;12mWatcher[0m [0m[38;5;245mRestarting! File change detected: "/Users/drutjes/Documents/development/pip-paper/islands/GeneralAICoach.tsx"[0m
[0m[1m[31merror[0m: Uncaught (in promise) AddrInUse: Address already in use (os error 48)
    await Deno.serve(opts, handler).finished;
[0m[31m               ^[0m
    [0m[2m[38;5;245mat [0m[0m[2m[38;5;245mlisten[0m[0m[2m[38;5;245m ([0m[0m[2m[38;5;245mext:deno_net/01_net.js[0m[0m[2m[38;5;245m:[0m[0m[2m[38;5;245m605[0m[0m[2m[38;5;245m:[0m[0m[2m[38;5;245m35[0m[0m[2m[38;5;245m)[0m
    [0m[2m[38;5;245mat [0m[0m[2m[38;5;245mserveInner[0m[0m[2m[38;5;245m ([0m[0m[2m[38;5;245mext:deno_http/00_serve.ts[0m[0m[2m[38;5;245m:[0m[0m[2m[38;5;245m681[0m[0m[2m[38;5;245m:[0m[0m[2m[38;5;245m16[0m[0m[2m[38;5;245m)[0m
    [0m[2m[38;5;245mat [0m[0m[2m[38;5;245mObject.serve[0m[0m[2m[38;5;245m ([0m[0m[2m[38;5;245mext:deno_http/00_serve.ts[0m[0m[2m[38;5;245m:[0m[0m[2m[38;5;245m597[0m[0m[2m[38;5;245m:[0m[0m[2m[38;5;245m10[0m[0m[2m[38;5;245m)[0m
    at [0m[1m[3mbootServer[0m ([0m[36mhttps://deno.land/x/fresh@1.4.2/src/server/mod.ts[0m:[0m[33m172[0m:[0m[33m16[0m)
    at [0m[1m[3mstart[0m ([0m[36mhttps://deno.land/x/fresh@1.4.2/src/server/mod.ts[0m:[0m[33m136[0m:[0m[33m11[0m)
    at async [0m[2m[38;5;245mfile:///Users/drutjes/Documents/development/pip-paper/[0m[0m[36mmain.ts[0m:[0m[33m15[0m:[0m[33m1[0m
[0m[38;5;12mWatcher[0m Process failed. Restarting on file change...
[0m[38;5;12mWatcher[0m [0m[38;5;245mRestarting! File change detected: "/Users/drutjes/Documents/development/pip-paper/islands/GeneralAICoach.tsx"[0m

[48;5;121m[30m[1m 🍋 Fresh ready [22m[39m[49m
    [1mLocal:[22m [36mhttp://localhost:8000/[39m

[0m[38;5;12mWatcher[0m [0m[38;5;245mRestarting! File change detected: "/Users/drutjes/Documents/development/pip-paper/islands/GeneralAICoach.tsx"[0m
[0m[1m[31merror[0m: Uncaught (in promise) AddrInUse: Address already in use (os error 48)
    await Deno.serve(opts, handler).finished;
[0m[31m               ^[0m
    [0m[2m[38;5;245mat [0m[0m[2m[38;5;245mlisten[0m[0m[2m[38;5;245m ([0m[0m[2m[38;5;245mext:deno_net/01_net.js[0m[0m[2m[38;5;245m:[0m[0m[2m[38;5;245m605[0m[0m[2m[38;5;245m:[0m[0m[2m[38;5;245m35[0m[0m[2m[38;5;245m)[0m
    [0m[2m[38;5;245mat [0m[0m[2m[38;5;245mserveInner[0m[0m[2m[38;5;245m ([0m[0m[2m[38;5;245mext:deno_http/00_serve.ts[0m[0m[2m[38;5;245m:[0m[0m[2m[38;5;245m681[0m[0m[2m[38;5;245m:[0m[0m[2m[38;5;245m16[0m[0m[2m[38;5;245m)[0m
    [0m[2m[38;5;245mat [0m[0m[2m[38;5;245mObject.serve[0m[0m[2m[38;5;245m ([0m[0m[2m[38;5;245mext:deno_http/00_serve.ts[0m[0m[2m[38;5;245m:[0m[0m[2m[38;5;245m597[0m[0m[2m[38;5;245m:[0m[0m[2m[38;5;245m10[0m[0m[2m[38;5;245m)[0m
    at [0m[1m[3mbootServer[0m ([0m[36mhttps://deno.land/x/fresh@1.4.2/src/server/mod.ts[0m:[0m[33m172[0m:[0m[33m16[0m)
    at [0m[1m[3mstart[0m ([0m[36mhttps://deno.land/x/fresh@1.4.2/src/server/mod.ts[0m:[0m[33m136[0m:[0m[33m11[0m)
    at async [0m[2m[38;5;245mfile:///Users/drutjes/Documents/development/pip-paper/[0m[0m[36mmain.ts[0m:[0m[33m15[0m:[0m[33m1[0m
[0m[38;5;12mWatcher[0m Process failed. Restarting on file change...
[0m[38;5;12mWatcher[0m [0m[38;5;245mRestarting! File change detected: "/Users/drutjes/Documents/development/pip-paper/islands/GeneralAICoach.tsx"[0m
[0m[1m[31merror[0m: Uncaught (in promise) AddrInUse: Address already in use (os error 48)
    await Deno.serve(opts, handler).finished;
[0m[31m               ^[0m
    [0m[2m[38;5;245mat [0m[0m[2m[38;5;245mlisten[0m[0m[2m[38;5;245m ([0m[0m[2m[38;5;245mext:deno_net/01_net.js[0m[0m[2m[38;5;245m:[0m[0m[2m[38;5;245m605[0m[0m[2m[38;5;245m:[0m[0m[2m[38;5;245m35[0m[0m[2m[38;5;245m)[0m
    [0m[2m[38;5;245mat [0m[0m[2m[38;5;245mserveInner[0m[0m[2m[38;5;245m ([0m[0m[2m[38;5;245mext:deno_http/00_serve.ts[0m[0m[2m[38;5;245m:[0m[0m[2m[38;5;245m681[0m[0m[2m[38;5;245m:[0m[0m[2m[38;5;245m16[0m[0m[2m[38;5;245m)[0m
    [0m[2m[38;5;245mat [0m[0m[2m[38;5;245mObject.serve[0m[0m[2m[38;5;245m ([0m[0m[2m[38;5;245mext:deno_http/00_serve.ts[0m[0m[2m[38;5;245m:[0m[0m[2m[38;5;245m597[0m[0m[2m[38;5;245m:[0m[0m[2m[38;5;245m10[0m[0m[2m[38;5;245m)[0m
    at [0m[1m[3mbootServer[0m ([0m[36mhttps://deno.land/x/fresh@1.4.2/src/server/mod.ts[0m:[0m[33m172[0m:[0m[33m16[0m)
    at [0m[1m[3mstart[0m ([0m[36mhttps://deno.land/x/fresh@1.4.2/src/server/mod.ts[0m:[0m[33m136[0m:[0m[33m11[0m)
    at async [0m[2m[38;5;245mfile:///Users/drutjes/Documents/development/pip-paper/[0m[0m[36mmain.ts[0m:[0m[33m15[0m:[0m[33m1[0m
[0m[38;5;12mWatcher[0m Process failed. Restarting on file change...
[0m[38;5;12mWatcher[0m [0m[38;5;245mRestarting! File change detected: "/Users/drutjes/Documents/development/pip-paper/routes/index.tsx"[0m
[0m[1m[31merror[0m: Uncaught (in promise) AddrInUse: Address already in use (os error 48)
    await Deno.serve(opts, handler).finished;
[0m[31m               ^[0m
    [0m[2m[38;5;245mat [0m[0m[2m[38;5;245mlisten[0m[0m[2m[38;5;245m ([0m[0m[2m[38;5;245mext:deno_net/01_net.js[0m[0m[2m[38;5;245m:[0m[0m[2m[38;5;245m605[0m[0m[2m[38;5;245m:[0m[0m[2m[38;5;245m35[0m[0m[2m[38;5;245m)[0m
    [0m[2m[38;5;245mat [0m[0m[2m[38;5;245mserveInner[0m[0m[2m[38;5;245m ([0m[0m[2m[38;5;245mext:deno_http/00_serve.ts[0m[0m[2m[38;5;245m:[0m[0m[2m[38;5;245m681[0m[0m[2m[38;5;245m:[0m[0m[2m[38;5;245m16[0m[0m[2m[38;5;245m)[0m
    [0m[2m[38;5;245mat [0m[0m[2m[38;5;245mObject.serve[0m[0m[2m[38;5;245m ([0m[0m[2m[38;5;245mext:deno_http/00_serve.ts[0m[0m[2m[38;5;245m:[0m[0m[2m[38;5;245m597[0m[0m[2m[38;5;245m:[0m[0m[2m[38;5;245m10[0m[0m[2m[38;5;245m)[0m
    at [0m[1m[3mbootServer[0m ([0m[36mhttps://deno.land/x/fresh@1.4.2/src/server/mod.ts[0m:[0m[33m172[0m:[0m[33m16[0m)
    at [0m[1m[3mstart[0m ([0m[36mhttps://deno.land/x/fresh@1.4.2/src/server/mod.ts[0m:[0m[33m136[0m:[0m[33m11[0m)
    at async [0m[2m[38;5;245mfile:///Users/drutjes/Documents/development/pip-paper/[0m[0m[36mmain.ts[0m:[0m[33m15[0m:[0m[33m1[0m
[0m[38;5;12mWatcher[0m Process failed. Restarting on file change...
[0m[38;5;12mWatcher[0m [0m[38;5;245mRestarting! File change detected: "/Users/drutjes/Documents/development/pip-paper/islands/GeneralAICoach.tsx"[0m
[0m[1m[31merror[0m: Uncaught (in promise) AddrInUse: Address already in use (os error 48)
    await Deno.serve(opts, handler).finished;
[0m[31m               ^[0m
    [0m[2m[38;5;245mat [0m[0m[2m[38;5;245mlisten[0m[0m[2m[38;5;245m ([0m[0m[2m[38;5;245mext:deno_net/01_net.js[0m[0m[2m[38;5;245m:[0m[0m[2m[38;5;245m605[0m[0m[2m[38;5;245m:[0m[0m[2m[38;5;245m35[0m[0m[2m[38;5;245m)[0m
    [0m[2m[38;5;245mat [0m[0m[2m[38;5;245mserveInner[0m[0m[2m[38;5;245m ([0m[0m[2m[38;5;245mext:deno_http/00_serve.ts[0m[0m[2m[38;5;245m:[0m[0m[2m[38;5;245m681[0m[0m[2m[38;5;245m:[0m[0m[2m[38;5;245m16[0m[0m[2m[38;5;245m)[0m
    [0m[2m[38;5;245mat [0m[0m[2m[38;5;245mObject.serve[0m[0m[2m[38;5;245m ([0m[0m[2m[38;5;245mext:deno_http/00_serve.ts[0m[0m[2m[38;5;245m:[0m[0m[2m[38;5;245m597[0m[0m[2m[38;5;245m:[0m[0m[2m[38;5;245m10[0m[0m[2m[38;5;245m)[0m
    at [0m[1m[3mbootServer[0m ([0m[36mhttps://deno.land/x/fresh@1.4.2/src/server/mod.ts[0m:[0m[33m172[0m:[0m[33m16[0m)
    at [0m[1m[3mstart[0m ([0m[36mhttps://deno.land/x/fresh@1.4.2/src/server/mod.ts[0m:[0m[33m136[0m:[0m[33m11[0m)
    at async [0m[2m[38;5;245mfile:///Users/drutjes/Documents/development/pip-paper/[0m[0m[36mmain.ts[0m:[0m[33m15[0m:[0m[33m1[0m
[0m[38;5;12mWatcher[0m Process failed. Restarting on file change...
[0m[38;5;12mWatcher[0m [0m[38;5;245mRestarting! File change detected: "/Users/drutjes/Documents/development/pip-paper/services/ai/AICoachService.ts"[0m

[48;5;121m[30m[1m 🍋 Fresh ready [22m[39m[49m
    [1mLocal:[22m [36mhttp://localhost:8000/[39m

[0m[38;5;12mWatcher[0m [0m[38;5;245mRestarting! File change detected: "/Users/drutjes/Documents/development/pip-paper/services/ai/AICoachService.ts"[0m
[0m[1m[31merror[0m: Uncaught (in promise) AddrInUse: Address already in use (os error 48)
    await Deno.serve(opts, handler).finished;
[0m[31m               ^[0m
    [0m[2m[38;5;245mat [0m[0m[2m[38;5;245mlisten[0m[0m[2m[38;5;245m ([0m[0m[2m[38;5;245mext:deno_net/01_net.js[0m[0m[2m[38;5;245m:[0m[0m[2m[38;5;245m605[0m[0m[2m[38;5;245m:[0m[0m[2m[38;5;245m35[0m[0m[2m[38;5;245m)[0m
    [0m[2m[38;5;245mat [0m[0m[2m[38;5;245mserveInner[0m[0m[2m[38;5;245m ([0m[0m[2m[38;5;245mext:deno_http/00_serve.ts[0m[0m[2m[38;5;245m:[0m[0m[2m[38;5;245m681[0m[0m[2m[38;5;245m:[0m[0m[2m[38;5;245m16[0m[0m[2m[38;5;245m)[0m
    [0m[2m[38;5;245mat [0m[0m[2m[38;5;245mObject.serve[0m[0m[2m[38;5;245m ([0m[0m[2m[38;5;245mext:deno_http/00_serve.ts[0m[0m[2m[38;5;245m:[0m[0m[2m[38;5;245m597[0m[0m[2m[38;5;245m:[0m[0m[2m[38;5;245m10[0m[0m[2m[38;5;245m)[0m
    at [0m[1m[3mbootServer[0m ([0m[36mhttps://deno.land/x/fresh@1.4.2/src/server/mod.ts[0m:[0m[33m172[0m:[0m[33m16[0m)
    at [0m[1m[3mstart[0m ([0m[36mhttps://deno.land/x/fresh@1.4.2/src/server/mod.ts[0m:[0m[33m136[0m:[0m[33m11[0m)
    at async [0m[2m[38;5;245mfile:///Users/drutjes/Documents/development/pip-paper/[0m[0m[36mmain.ts[0m:[0m[33m15[0m:[0m[33m1[0m
[0m[38;5;12mWatcher[0m Process failed. Restarting on file change...
[0m[38;5;12mWatcher[0m [0m[38;5;245mRestarting! File change detected: "/Users/drutjes/Documents/development/pip-paper/islands/GeneralAICoach.tsx"[0m
[0m[1m[31merror[0m: Uncaught (in promise) TypeError: The module's source code could not be parsed: Expected ',', got 'else' at file:///Users/drutjes/Documents/development/pip-paper/islands/GeneralAICoach.tsx:94:19

                  } else if (title.includes("Weaknesses") || title.includes("Patterns")) {
                    ~~~~
    await import(entrypoint);
[0m[31m    ^[0m
    at async [0m[1m[3mdev[0m ([0m[36mhttps://deno.land/x/fresh@1.4.2/src/dev/dev_command.ts[0m:[0m[33m40[0m:[0m[33m5[0m)
    at async [0m[2m[38;5;245mfile:///Users/drutjes/Documents/development/pip-paper/[0m[0m[36mdev.ts[0m:[0m[33m5[0m:[0m[33m1[0m
[0m[38;5;12mWatcher[0m Process failed. Restarting on file change...
[0m[38;5;12mWatcher[0m [0m[38;5;245mRestarting! File change detected: "/Users/drutjes/Documents/development/pip-paper/islands/GeneralAICoach.tsx"[0m
[0m[1m[31merror[0m: Uncaught (in promise) TypeError: The module's source code could not be parsed: Expected ',', got 'else' at file:///Users/drutjes/Documents/development/pip-paper/islands/GeneralAICoach.tsx:99:19

                  } else if (title.includes("Weaknesses") || title.includes("Patterns")) {
                    ~~~~
    await import(entrypoint);
[0m[31m    ^[0m
    at async [0m[1m[3mdev[0m ([0m[36mhttps://deno.land/x/fresh@1.4.2/src/dev/dev_command.ts[0m:[0m[33m40[0m:[0m[33m5[0m)
    at async [0m[2m[38;5;245mfile:///Users/drutjes/Documents/development/pip-paper/[0m[0m[36mdev.ts[0m:[0m[33m5[0m:[0m[33m1[0m
[0m[38;5;12mWatcher[0m Process failed. Restarting on file change...
[0m[38;5;12mWatcher[0m [0m[38;5;245mRestarting! File change detected: "/Users/drutjes/Documents/development/pip-paper/islands/GeneralAICoach.tsx"[0m
[0m[1m[31merror[0m: Uncaught (in promise) TypeError: The module's source code could not be parsed: Expected ',', got 'if' at file:///Users/drutjes/Documents/development/pip-paper/islands/GeneralAICoach.tsx:89:13

              if (line.startsWith("# ")) {
              ~~
    await import(entrypoint);
[0m[31m    ^[0m
    at async [0m[1m[3mdev[0m ([0m[36mhttps://deno.land/x/fresh@1.4.2/src/dev/dev_command.ts[0m:[0m[33m40[0m:[0m[33m5[0m)
    at async [0m[2m[38;5;245mfile:///Users/drutjes/Documents/development/pip-paper/[0m[0m[36mdev.ts[0m:[0m[33m5[0m:[0m[33m1[0m
[0m[38;5;12mWatcher[0m Process failed. Restarting on file change...
[0m[38;5;12mWatcher[0m [0m[38;5;245mRestarting! File change detected: "/Users/drutjes/Documents/development/pip-paper/islands/GeneralAICoach.tsx"[0m
[0m[1m[31merror[0m: Uncaught (in promise) AddrInUse: Address already in use (os error 48)
    await Deno.serve(opts, handler).finished;
[0m[31m               ^[0m
    [0m[2m[38;5;245mat [0m[0m[2m[38;5;245mlisten[0m[0m[2m[38;5;245m ([0m[0m[2m[38;5;245mext:deno_net/01_net.js[0m[0m[2m[38;5;245m:[0m[0m[2m[38;5;245m605[0m[0m[2m[38;5;245m:[0m[0m[2m[38;5;245m35[0m[0m[2m[38;5;245m)[0m
    [0m[2m[38;5;245mat [0m[0m[2m[38;5;245mserveInner[0m[0m[2m[38;5;245m ([0m[0m[2m[38;5;245mext:deno_http/00_serve.ts[0m[0m[2m[38;5;245m:[0m[0m[2m[38;5;245m681[0m[0m[2m[38;5;245m:[0m[0m[2m[38;5;245m16[0m[0m[2m[38;5;245m)[0m
    [0m[2m[38;5;245mat [0m[0m[2m[38;5;245mObject.serve[0m[0m[2m[38;5;245m ([0m[0m[2m[38;5;245mext:deno_http/00_serve.ts[0m[0m[2m[38;5;245m:[0m[0m[2m[38;5;245m597[0m[0m[2m[38;5;245m:[0m[0m[2m[38;5;245m10[0m[0m[2m[38;5;245m)[0m
    at [0m[1m[3mbootServer[0m ([0m[36mhttps://deno.land/x/fresh@1.4.2/src/server/mod.ts[0m:[0m[33m172[0m:[0m[33m16[0m)
    at [0m[1m[3mstart[0m ([0m[36mhttps://deno.land/x/fresh@1.4.2/src/server/mod.ts[0m:[0m[33m136[0m:[0m[33m11[0m)
    at async [0m[2m[38;5;245mfile:///Users/drutjes/Documents/development/pip-paper/[0m[0m[36mmain.ts[0m:[0m[33m15[0m:[0m[33m1[0m
[0m[38;5;12mWatcher[0m Process failed. Restarting on file change...
[0m[38;5;12mWatcher[0m [0m[38;5;245mRestarting! File change detected: "/Users/drutjes/Documents/development/pip-paper/islands/GeneralAICoach.tsx"[0m
[0m[1m[31merror[0m: Uncaught (in promise) AddrInUse: Address already in use (os error 48)
    await Deno.serve(opts, handler).finished;
[0m[31m               ^[0m
    [0m[2m[38;5;245mat [0m[0m[2m[38;5;245mlisten[0m[0m[2m[38;5;245m ([0m[0m[2m[38;5;245mext:deno_net/01_net.js[0m[0m[2m[38;5;245m:[0m[0m[2m[38;5;245m605[0m[0m[2m[38;5;245m:[0m[0m[2m[38;5;245m35[0m[0m[2m[38;5;245m)[0m
    [0m[2m[38;5;245mat [0m[0m[2m[38;5;245mserveInner[0m[0m[2m[38;5;245m ([0m[0m[2m[38;5;245mext:deno_http/00_serve.ts[0m[0m[2m[38;5;245m:[0m[0m[2m[38;5;245m681[0m[0m[2m[38;5;245m:[0m[0m[2m[38;5;245m16[0m[0m[2m[38;5;245m)[0m
    [0m[2m[38;5;245mat [0m[0m[2m[38;5;245mObject.serve[0m[0m[2m[38;5;245m ([0m[0m[2m[38;5;245mext:deno_http/00_serve.ts[0m[0m[2m[38;5;245m:[0m[0m[2m[38;5;245m597[0m[0m[2m[38;5;245m:[0m[0m[2m[38;5;245m10[0m[0m[2m[38;5;245m)[0m
    at [0m[1m[3mbootServer[0m ([0m[36mhttps://deno.land/x/fresh@1.4.2/src/server/mod.ts[0m:[0m[33m172[0m:[0m[33m16[0m)
    at [0m[1m[3mstart[0m ([0m[36mhttps://deno.land/x/fresh@1.4.2/src/server/mod.ts[0m:[0m[33m136[0m:[0m[33m11[0m)
    at async [0m[2m[38;5;245mfile:///Users/drutjes/Documents/development/pip-paper/[0m[0m[36mmain.ts[0m:[0m[33m15[0m:[0m[33m1[0m
[0m[38;5;12mWatcher[0m Process failed. Restarting on file change...
[0m[38;5;12mWatcher[0m [0m[38;5;245mRestarting! File change detected: "/Users/drutjes/Documents/development/pip-paper/islands/GeneralAICoach.tsx"[0m
[0m[1m[31merror[0m: Uncaught (in promise) AddrInUse: Address already in use (os error 48)
    await Deno.serve(opts, handler).finished;
[0m[31m               ^[0m
    [0m[2m[38;5;245mat [0m[0m[2m[38;5;245mlisten[0m[0m[2m[38;5;245m ([0m[0m[2m[38;5;245mext:deno_net/01_net.js[0m[0m[2m[38;5;245m:[0m[0m[2m[38;5;245m605[0m[0m[2m[38;5;245m:[0m[0m[2m[38;5;245m35[0m[0m[2m[38;5;245m)[0m
    [0m[2m[38;5;245mat [0m[0m[2m[38;5;245mserveInner[0m[0m[2m[38;5;245m ([0m[0m[2m[38;5;245mext:deno_http/00_serve.ts[0m[0m[2m[38;5;245m:[0m[0m[2m[38;5;245m681[0m[0m[2m[38;5;245m:[0m[0m[2m[38;5;245m16[0m[0m[2m[38;5;245m)[0m
    [0m[2m[38;5;245mat [0m[0m[2m[38;5;245mObject.serve[0m[0m[2m[38;5;245m ([0m[0m[2m[38;5;245mext:deno_http/00_serve.ts[0m[0m[2m[38;5;245m:[0m[0m[2m[38;5;245m597[0m[0m[2m[38;5;245m:[0m[0m[2m[38;5;245m10[0m[0m[2m[38;5;245m)[0m
    at [0m[1m[3mbootServer[0m ([0m[36mhttps://deno.land/x/fresh@1.4.2/src/server/mod.ts[0m:[0m[33m172[0m:[0m[33m16[0m)
    at [0m[1m[3mstart[0m ([0m[36mhttps://deno.land/x/fresh@1.4.2/src/server/mod.ts[0m:[0m[33m136[0m:[0m[33m11[0m)
    at async [0m[2m[38;5;245mfile:///Users/drutjes/Documents/development/pip-paper/[0m[0m[36mmain.ts[0m:[0m[33m15[0m:[0m[33m1[0m
[0m[38;5;12mWatcher[0m Process failed. Restarting on file change...
[0m[38;5;12mWatcher[0m [0m[38;5;245mRestarting! File change detected: "/Users/drutjes/Documents/development/pip-paper/services/ai/AICoachService.ts"[0m
[0m[1m[31merror[0m: Uncaught (in promise) AddrInUse: Address already in use (os error 48)
    await Deno.serve(opts, handler).finished;
[0m[31m               ^[0m
    [0m[2m[38;5;245mat [0m[0m[2m[38;5;245mlisten[0m[0m[2m[38;5;245m ([0m[0m[2m[38;5;245mext:deno_net/01_net.js[0m[0m[2m[38;5;245m:[0m[0m[2m[38;5;245m605[0m[0m[2m[38;5;245m:[0m[0m[2m[38;5;245m35[0m[0m[2m[38;5;245m)[0m
    [0m[2m[38;5;245mat [0m[0m[2m[38;5;245mserveInner[0m[0m[2m[38;5;245m ([0m[0m[2m[38;5;245mext:deno_http/00_serve.ts[0m[0m[2m[38;5;245m:[0m[0m[2m[38;5;245m681[0m[0m[2m[38;5;245m:[0m[0m[2m[38;5;245m16[0m[0m[2m[38;5;245m)[0m
    [0m[2m[38;5;245mat [0m[0m[2m[38;5;245mObject.serve[0m[0m[2m[38;5;245m ([0m[0m[2m[38;5;245mext:deno_http/00_serve.ts[0m[0m[2m[38;5;245m:[0m[0m[2m[38;5;245m597[0m[0m[2m[38;5;245m:[0m[0m[2m[38;5;245m10[0m[0m[2m[38;5;245m)[0m
    at [0m[1m[3mbootServer[0m ([0m[36mhttps://deno.land/x/fresh@1.4.2/src/server/mod.ts[0m:[0m[33m172[0m:[0m[33m16[0m)
    at [0m[1m[3mstart[0m ([0m[36mhttps://deno.land/x/fresh@1.4.2/src/server/mod.ts[0m:[0m[33m136[0m:[0m[33m11[0m)
    at async [0m[2m[38;5;245mfile:///Users/drutjes/Documents/development/pip-paper/[0m[0m[36mmain.ts[0m:[0m[33m15[0m:[0m[33m1[0m
[0m[38;5;12mWatcher[0m Process failed. Restarting on file change...
[0m[38;5;12mWatcher[0m [0m[38;5;245mRestarting! File change detected: "/Users/drutjes/Documents/development/pip-paper/services/ai/AICoachService.ts"[0m

[48;5;121m[30m[1m 🍋 Fresh ready [22m[39m[49m
    [1mLocal:[22m [36mhttp://localhost:8000/[39m

[0m[38;5;12mWatcher[0m [0m[38;5;245mRestarting! File change detected: "/Users/drutjes/Documents/development/pip-paper/services/ai/AICoachService.ts"[0m
[0m[1m[31merror[0m: Uncaught (in promise) AddrInUse: Address already in use (os error 48)
    await Deno.serve(opts, handler).finished;
[0m[31m               ^[0m
    [0m[2m[38;5;245mat [0m[0m[2m[38;5;245mlisten[0m[0m[2m[38;5;245m ([0m[0m[2m[38;5;245mext:deno_net/01_net.js[0m[0m[2m[38;5;245m:[0m[0m[2m[38;5;245m605[0m[0m[2m[38;5;245m:[0m[0m[2m[38;5;245m35[0m[0m[2m[38;5;245m)[0m
    [0m[2m[38;5;245mat [0m[0m[2m[38;5;245mserveInner[0m[0m[2m[38;5;245m ([0m[0m[2m[38;5;245mext:deno_http/00_serve.ts[0m[0m[2m[38;5;245m:[0m[0m[2m[38;5;245m681[0m[0m[2m[38;5;245m:[0m[0m[2m[38;5;245m16[0m[0m[2m[38;5;245m)[0m
    [0m[2m[38;5;245mat [0m[0m[2m[38;5;245mObject.serve[0m[0m[2m[38;5;245m ([0m[0m[2m[38;5;245mext:deno_http/00_serve.ts[0m[0m[2m[38;5;245m:[0m[0m[2m[38;5;245m597[0m[0m[2m[38;5;245m:[0m[0m[2m[38;5;245m10[0m[0m[2m[38;5;245m)[0m
    at [0m[1m[3mbootServer[0m ([0m[36mhttps://deno.land/x/fresh@1.4.2/src/server/mod.ts[0m:[0m[33m172[0m:[0m[33m16[0m)
    at [0m[1m[3mstart[0m ([0m[36mhttps://deno.land/x/fresh@1.4.2/src/server/mod.ts[0m:[0m[33m136[0m:[0m[33m11[0m)
    at async [0m[2m[38;5;245mfile:///Users/drutjes/Documents/development/pip-paper/[0m[0m[36mmain.ts[0m:[0m[33m15[0m:[0m[33m1[0m
[0m[38;5;12mWatcher[0m Process failed. Restarting on file change...
[0m[38;5;12mWatcher[0m [0m[38;5;245mRestarting! File change detected: "/Users/drutjes/Documents/development/pip-paper/services/ai/AICoachService.ts"[0m

[48;5;121m[30m[1m 🍋 Fresh ready [22m[39m[49m
    [1mLocal:[22m [36mhttp://localhost:8000/[39m

[0m[38;5;12mWatcher[0m [0m[38;5;245mRestarting! File change detected: "/Users/drutjes/Documents/development/pip-paper/components/WinRatio.tsx"[0m

[48;5;121m[30m[1m 🍋 Fresh ready [22m[39m[49m
    [1mLocal:[22m [36mhttp://localhost:8000/[39m

[0m[38;5;12mWatcher[0m [0m[38;5;245mRestarting! File change detected: "/Users/drutjes/Documents/development/pip-paper/services/ai/AICoachService.ts"[0m
[0m[1m[31merror[0m: Uncaught (in promise) AddrInUse: Address already in use (os error 48)
    await Deno.serve(opts, handler).finished;
[0m[31m               ^[0m
    [0m[2m[38;5;245mat [0m[0m[2m[38;5;245mlisten[0m[0m[2m[38;5;245m ([0m[0m[2m[38;5;245mext:deno_net/01_net.js[0m[0m[2m[38;5;245m:[0m[0m[2m[38;5;245m605[0m[0m[2m[38;5;245m:[0m[0m[2m[38;5;245m35[0m[0m[2m[38;5;245m)[0m
    [0m[2m[38;5;245mat [0m[0m[2m[38;5;245mserveInner[0m[0m[2m[38;5;245m ([0m[0m[2m[38;5;245mext:deno_http/00_serve.ts[0m[0m[2m[38;5;245m:[0m[0m[2m[38;5;245m681[0m[0m[2m[38;5;245m:[0m[0m[2m[38;5;245m16[0m[0m[2m[38;5;245m)[0m
    [0m[2m[38;5;245mat [0m[0m[2m[38;5;245mObject.serve[0m[0m[2m[38;5;245m ([0m[0m[2m[38;5;245mext:deno_http/00_serve.ts[0m[0m[2m[38;5;245m:[0m[0m[2m[38;5;245m597[0m[0m[2m[38;5;245m:[0m[0m[2m[38;5;245m10[0m[0m[2m[38;5;245m)[0m
    at [0m[1m[3mbootServer[0m ([0m[36mhttps://deno.land/x/fresh@1.4.2/src/server/mod.ts[0m:[0m[33m172[0m:[0m[33m16[0m)
    at [0m[1m[3mstart[0m ([0m[36mhttps://deno.land/x/fresh@1.4.2/src/server/mod.ts[0m:[0m[33m136[0m:[0m[33m11[0m)
    at async [0m[2m[38;5;245mfile:///Users/drutjes/Documents/development/pip-paper/[0m[0m[36mmain.ts[0m:[0m[33m15[0m:[0m[33m1[0m
[0m[38;5;12mWatcher[0m Process failed. Restarting on file change...
[0m[38;5;12mWatcher[0m [0m[38;5;245mRestarting! File change detected: "/Users/drutjes/Documents/development/pip-paper/islands/GeneralAICoach.tsx"[0m

[48;5;121m[30m[1m 🍋 Fresh ready [22m[39m[49m
    [1mLocal:[22m [36mhttp://localhost:8000/[39m

